Building DAG of jobs...
Provided cluster nodes: 1
Job counts:
	count	jobs
	1	all
	1	mageck
	2

rule mageck:
    input: /data2/zhoulab/yuxinghai/songlab/SongGeCKO_zn_2/results/05_count/screen_A1.csv, /data2/zhoulab/yuxinghai/songlab/SongGeCKO_zn_2/results/05_count/screen_B1.csv
    output: /data2/zhoulab/yuxinghai/songlab/SongGeCKO_zn_2/results/06_mageck/A1.sgrna_summary.txt, /data2/zhoulab/yuxinghai/songlab/SongGeCKO_zn_2/results/06_mageck/B1.sgrna_summary.txt, /data2/zhoulab/yuxinghai/songlab/SongGeCKO_zn_2/results/06_mageck/A1.gene_summary.txt, /data2/zhoulab/yuxinghai/songlab/SongGeCKO_zn_2/results/06_mageck/B1.gene_summary.txt
    jobid: 5
    wildcards: result_dir=/data2/zhoulab/yuxinghai/songlab/SongGeCKO_zn_2/results

Submitted job 5 with external jobid '1362830.mu01'.
Finished job 5.
1 of 2 steps (50%) done

localrule all:
    input: /data2/zhoulab/yuxinghai/songlab/SongGeCKO_zn_2/results/01_fastqc/NC-A1_combined_R1_fastqc.html, /data2/zhoulab/yuxinghai/songlab/SongGeCKO_zn_2/results/01_fastqc/NC-A1_combined_R2_fastqc.html, /data2/zhoulab/yuxinghai/songlab/SongGeCKO_zn_2/results/02_decode/NC-A1_combined_R1.fastq, /data2/zhoulab/yuxinghai/songlab/SongGeCKO_zn_2/results/02_decode/NC-A1_combined_R2.fastq, /data2/zhoulab/yuxinghai/songlab/SongGeCKO_zn_2/results/02_decode/NC-A1_combined_merge.fastq, /data2/zhoulab/yuxinghai/songlab/SongGeCKO_zn_2/results/02_decode/NC-A1_combined_merge_exacB.fastq, /data2/zhoulab/yuxinghai/songlab/SongGeCKO_zn_2/results/02_decode/NC-B1.fq, /data2/zhoulab/yuxinghai/songlab/SongGeCKO_zn_2/results/02_decode/NC-B1.fq, /data2/zhoulab/yuxinghai/songlab/SongGeCKO_zn_2/results/02_decode/NC-B1.fq, /data2/zhoulab/yuxinghai/songlab/SongGeCKO_zn_2/results/02_decode/NC-B1.fq, /data2/zhoulab/yuxinghai/songlab/SongGeCKO_zn_2/results/02_decode/NC-B1.fq, /data2/zhoulab/yuxinghai/songlab/SongGeCKO_zn_2/results/02_decode/NC-B1.fq, /data2/zhoulab/yuxinghai/songlab/SongGeCKO_zn_2/results/02_decode/NC-B1.fq, /data2/zhoulab/yuxinghai/songlab/SongGeCKO_zn_2/results/03_20nt_sgRNA/sg_NC-B1.fq, /data2/zhoulab/yuxinghai/songlab/SongGeCKO_zn_2/results/03_20nt_sgRNA/sg_B2.fq, /data2/zhoulab/yuxinghai/songlab/SongGeCKO_zn_2/results/04_map/NC-B1.sam, /data2/zhoulab/yuxinghai/songlab/SongGeCKO_zn_2/results/05_count/screen_B1.csv, /data2/zhoulab/yuxinghai/songlab/SongGeCKO_zn_2/results/06_mageck/B1.gene_summary.txt
    jobid: 0

Finished job 0.
2 of 2 steps (100%) done
