Building DAG of jobs...
Provided cluster nodes: 1
Job counts:
	count	jobs
	1	all
	1	exact_20nt_sgRNA
	1	exact_barcode
	1	fastqc
	1	map
	1	merge_fastq
	1	sample_divide
	7

rule merge_fastq:
    input: /data2/zhoulab/yuxinghai/songlab/SongGeCKO_zn_2/results/02_decode/NC-A1_combined_R1.fastq, /data2/zhoulab/yuxinghai/songlab/SongGeCKO_zn_2/results/02_decode/NC-A1_combined_R2.fastq
    output: /data2/zhoulab/yuxinghai/songlab/SongGeCKO_zn_2/results/02_decode/NC-A1_combined_merge.fastq
    jobid: 1
    wildcards: result_dir=/data2/zhoulab/yuxinghai/songlab/SongGeCKO_zn_2/results, sample=NC-A1_combined

Submitted job 1 with external jobid '1362780.mu01'.
Finished job 1.
1 of 7 steps (14%) done

rule exact_barcode:
    input: /data2/zhoulab/yuxinghai/songlab/SongGeCKO_zn_2/results/02_decode/NC-A1_combined_merge.fastq
    output: /data2/zhoulab/yuxinghai/songlab/SongGeCKO_zn_2/results/02_decode/NC-A1_combined_merge_exacB.fastq
    jobid: 7
    wildcards: result_dir=/data2/zhoulab/yuxinghai/songlab/SongGeCKO_zn_2/results, sample=NC-A1_combined

Submitted job 7 with external jobid '1362781.mu01'.
Finished job 7.
2 of 7 steps (29%) done

rule sample_divide:
    input: /data2/zhoulab/yuxinghai/songlab/SongGeCKO_zn_2/results/02_decode/NC-A1_combined_merge_exacB.fastq
    output: /data2/zhoulab/yuxinghai/songlab/SongGeCKO_zn_2/results/02_decode/NC-B1.fq, /data2/zhoulab/yuxinghai/songlab/SongGeCKO_zn_2/results/02_decode/NC-A1.fq, /data2/zhoulab/yuxinghai/songlab/SongGeCKO_zn_2/results/02_decode/A1.fq, /data2/zhoulab/yuxinghai/songlab/SongGeCKO_zn_2/results/02_decode/B1.fq
    jobid: 6
    wildcards: result_dir=/data2/zhoulab/yuxinghai/songlab/SongGeCKO_zn_2/results

Submitted job 6 with external jobid '1362782.mu01'.
Error in rule sample_divide:
    jobid: 6
    output: /data2/zhoulab/yuxinghai/songlab/SongGeCKO_zn_2/results/02_decode/NC-B1.fq, /data2/zhoulab/yuxinghai/songlab/SongGeCKO_zn_2/results/02_decode/NC-A1.fq, /data2/zhoulab/yuxinghai/songlab/SongGeCKO_zn_2/results/02_decode/A1.fq, /data2/zhoulab/yuxinghai/songlab/SongGeCKO_zn_2/results/02_decode/B1.fq
    cluster_jobid: 1362782.mu01

Will exit after finishing currently running jobs.
Exiting because a job execution failed. Look above for error message
Complete log: .snakemake/log/2017-12-14T183944.775528.snakemake.log
