Building DAG of jobs...
Provided cluster nodes: 1
Job counts:
	count	jobs
	1	all
	1	exact_20nt_sgRNA
	1	map
	3

rule exact_20nt_sgRNA:
    input: /data2/zhoulab/yuxinghai/songlab/SongGeCKO_zn_2/results/02_decode/NC-B1.fq, /data2/zhoulab/yuxinghai/songlab/SongGeCKO_zn_2/results/02_decode/NC-A1.fq, /data2/zhoulab/yuxinghai/songlab/SongGeCKO_zn_2/results/02_decode/A1.fq, /data2/zhoulab/yuxinghai/songlab/SongGeCKO_zn_2/results/02_decode/B1.fq, /data2/zhoulab/yuxinghai/songlab/SongGeCKO_zn_2/results/02_decode/A2.fq, /data2/zhoulab/yuxinghai/songlab/SongGeCKO_zn_2/results/02_decode/A3.fq, /data2/zhoulab/yuxinghai/songlab/SongGeCKO_zn_2/results/02_decode/B2.fq
    output: /data2/zhoulab/yuxinghai/songlab/SongGeCKO_zn_2/results/03_20nt_sgRNA/sg_NC-B1.fq, /data2/zhoulab/yuxinghai/songlab/SongGeCKO_zn_2/results/03_20nt_sgRNA/sg_NC-A1.fq, /data2/zhoulab/yuxinghai/songlab/SongGeCKO_zn_2/results/03_20nt_sgRNA/sg_B1.fq, /data2/zhoulab/yuxinghai/songlab/SongGeCKO_zn_2/results/03_20nt_sgRNA/sg_A1.fq, /data2/zhoulab/yuxinghai/songlab/SongGeCKO_zn_2/results/03_20nt_sgRNA/sg_A2.fq, /data2/zhoulab/yuxinghai/songlab/SongGeCKO_zn_2/results/03_20nt_sgRNA/sg_B2.fq, /data2/zhoulab/yuxinghai/songlab/SongGeCKO_zn_2/results/03_20nt_sgRNA/sg_A3.fq
    jobid: 1
    wildcards: result_dir=/data2/zhoulab/yuxinghai/songlab/SongGeCKO_zn_2/results

Submitted job 1 with external jobid '1362817.mu01'.
Finished job 1.
1 of 3 steps (33%) done

rule map:
    input: /data2/zhoulab/yuxinghai/songlab/SongGeCKO_zn_2/results/03_20nt_sgRNA/sg_NC-B1.fq, /data2/zhoulab/yuxinghai/songlab/SongGeCKO_zn_2/results/03_20nt_sgRNA/sg_NC-A1.fq, /data2/zhoulab/yuxinghai/songlab/SongGeCKO_zn_2/results/03_20nt_sgRNA/sg_B1.fq, /data2/zhoulab/yuxinghai/songlab/SongGeCKO_zn_2/results/03_20nt_sgRNA/sg_A1.fq, /data2/zhoulab/yuxinghai/songlab/SongGeCKO_zn_2/results/03_20nt_sgRNA/sg_A2.fq, /data2/zhoulab/yuxinghai/songlab/SongGeCKO_zn_2/results/03_20nt_sgRNA/sg_B2.fq, /data2/zhoulab/yuxinghai/songlab/SongGeCKO_zn_2/results/03_20nt_sgRNA/sg_A3.fq
    output: /data2/zhoulab/yuxinghai/songlab/SongGeCKO_zn_2/results/04_map/NC-B1.sam, /data2/zhoulab/yuxinghai/songlab/SongGeCKO_zn_2/results/04_map/NC-A1.sam, /data2/zhoulab/yuxinghai/songlab/SongGeCKO_zn_2/results/04_map/B1.sam, /data2/zhoulab/yuxinghai/songlab/SongGeCKO_zn_2/results/04_map/A1.sam, /data2/zhoulab/yuxinghai/songlab/SongGeCKO_zn_2/results/04_map/A2.sam, /data2/zhoulab/yuxinghai/songlab/SongGeCKO_zn_2/results/04_map/B2.sam, /data2/zhoulab/yuxinghai/songlab/SongGeCKO_zn_2/results/04_map/A3.sam
    jobid: 4
    wildcards: result_dir=/data2/zhoulab/yuxinghai/songlab/SongGeCKO_zn_2/results

Submitted job 4 with external jobid '1362818.mu01'.
Finished job 4.
2 of 3 steps (67%) done

localrule all:
    input: /data2/zhoulab/yuxinghai/songlab/SongGeCKO_zn_2/results/01_fastqc/NC-A1_combined_R1_fastqc.html, /data2/zhoulab/yuxinghai/songlab/SongGeCKO_zn_2/results/01_fastqc/NC-A1_combined_R2_fastqc.html, /data2/zhoulab/yuxinghai/songlab/SongGeCKO_zn_2/results/02_decode/NC-A1_combined_R1.fastq, /data2/zhoulab/yuxinghai/songlab/SongGeCKO_zn_2/results/02_decode/NC-A1_combined_R2.fastq, /data2/zhoulab/yuxinghai/songlab/SongGeCKO_zn_2/results/02_decode/NC-A1_combined_merge.fastq, /data2/zhoulab/yuxinghai/songlab/SongGeCKO_zn_2/results/02_decode/NC-A1_combined_merge_exacB.fastq, /data2/zhoulab/yuxinghai/songlab/SongGeCKO_zn_2/results/02_decode/NC-B1.fq, /data2/zhoulab/yuxinghai/songlab/SongGeCKO_zn_2/results/02_decode/NC-B1.fq, /data2/zhoulab/yuxinghai/songlab/SongGeCKO_zn_2/results/02_decode/NC-B1.fq, /data2/zhoulab/yuxinghai/songlab/SongGeCKO_zn_2/results/02_decode/NC-B1.fq, /data2/zhoulab/yuxinghai/songlab/SongGeCKO_zn_2/results/02_decode/NC-B1.fq, /data2/zhoulab/yuxinghai/songlab/SongGeCKO_zn_2/results/02_decode/NC-B1.fq, /data2/zhoulab/yuxinghai/songlab/SongGeCKO_zn_2/results/02_decode/NC-B1.fq, /data2/zhoulab/yuxinghai/songlab/SongGeCKO_zn_2/results/03_20nt_sgRNA/sg_NC-B1.fq, /data2/zhoulab/yuxinghai/songlab/SongGeCKO_zn_2/results/03_20nt_sgRNA/sg_B2.fq, /data2/zhoulab/yuxinghai/songlab/SongGeCKO_zn_2/results/04_map/NC-B1.sam
    jobid: 0

Finished job 0.
3 of 3 steps (100%) done
