Building DAG of jobs...
Provided cluster nodes: 1
Job counts:
	count	jobs
	1	all
	1	exact_20nt_sgRNA
	1	exact_barcode
	1	fastqc
	1	map
	1	merge_fastq
	1	sample_divide
	7

rule merge_fastq:
    input: /data2/zhoulab/yuxinghai/songlab/SongGeCKO_zn_2/results/02_decode/NC-A1_combined_R1.fastq, /data2/zhoulab/yuxinghai/songlab/SongGeCKO_zn_2/results/02_decode/NC-A1_combined_R2.fastq
    output: /data2/zhoulab/yuxinghai/songlab/SongGeCKO_zn_2/results/02_decode/NC-A1_combined_merge.fastq
    jobid: 5
    wildcards: result_dir=/data2/zhoulab/yuxinghai/songlab/SongGeCKO_zn_2/results, sample=NC-A1_combined

Submitted job 5 with external jobid '1362778.mu01'.
Terminating processes on user request.
Will exit after finishing currently running jobs.
Cancelling snakemake on user request.
