Building DAG of jobs...
Provided cluster nodes: 1
Job counts:
	count	jobs
	1	all
	1	count
	1	mageck
	3

rule count:
    input: /data2/zhoulab/yuxinghai/songlab/SongGeCKO_zn_2/results/04_map/NC-B1.sam, /data2/zhoulab/yuxinghai/songlab/SongGeCKO_zn_2/results/04_map/NC-A1.sam, /data2/zhoulab/yuxinghai/songlab/SongGeCKO_zn_2/results/04_map/B1.sam, /data2/zhoulab/yuxinghai/songlab/SongGeCKO_zn_2/results/04_map/A1.sam, /data2/zhoulab/yuxinghai/songlab/SongGeCKO_zn_2/results/04_map/A2.sam, /data2/zhoulab/yuxinghai/songlab/SongGeCKO_zn_2/results/04_map/B2.sam, /data2/zhoulab/yuxinghai/songlab/SongGeCKO_zn_2/results/04_map/A3.sam
    output: /data2/zhoulab/yuxinghai/songlab/SongGeCKO_zn_2/results/05_count/screen_A1.csv, /data2/zhoulab/yuxinghai/songlab/SongGeCKO_zn_2/results/05_count/screen_B1.csv
    jobid: 9
    wildcards: result_dir=/data2/zhoulab/yuxinghai/songlab/SongGeCKO_zn_2/results

Submitted job 9 with external jobid '1362821.mu01'.
Error in rule count:
    jobid: 9
    output: /data2/zhoulab/yuxinghai/songlab/SongGeCKO_zn_2/results/05_count/screen_A1.csv, /data2/zhoulab/yuxinghai/songlab/SongGeCKO_zn_2/results/05_count/screen_B1.csv
    cluster_jobid: 1362821.mu01

Will exit after finishing currently running jobs.
Exiting because a job execution failed. Look above for error message
Complete log: .snakemake/log/2017-12-15T000716.010093.snakemake.log
